[0.080s] -- Found ament_cmake: 0.8.2 (/home/riccardochiaretti/ros2_eloquent/install/ament_cmake/share/ament_cmake/cmake)
[0.398s] -- Using PYTHON_EXECUTABLE: /usr/bin/python3
[0.933s] -- Override CMake install command with custom implementation using symlinks instead of copying resources
[0.939s] -- Found rclcpp: 0.8.4 (/home/riccardochiaretti/ros2_eloquent/install/rclcpp/share/rclcpp/cmake)
[0.981s] -- Found rosidl_adapter: 0.8.2 (/home/riccardochiaretti/ros2_eloquent/install/rosidl_adapter/share/rosidl_adapter/cmake)
[1.001s] -- Found rmw_implementation_cmake: 0.8.1 (/home/riccardochiaretti/ros2_eloquent/install/rmw_implementation_cmake/share/rmw_implementation_cmake/cmake)
[1.026s] -- Using RMW implementation 'rmw_fastrtps_cpp' as default
[1.052s] -- Found geometry_msgs: 0.8.1 (/home/riccardochiaretti/ros2_eloquent/install/geometry_msgs/share/geometry_msgs/cmake)
[1.061s] -- Found ament_index_cpp: 0.7.2 (/home/riccardochiaretti/ros2_eloquent/install/ament_index_cpp/share/ament_index_cpp/cmake)
[1.063s] -- Found yaml_cpp_vendor: 7.0.0 (/home/riccardochiaretti/ros2_eloquent/install/yaml_cpp_vendor/share/yaml_cpp_vendor/cmake)
[1.063s] -- Setting yaml-cpp_DIR to: '/home/riccardochiaretti/ros2_eloquent/install/yaml_cpp_vendor/share/yaml_cpp_vendor/cmake/../../../opt/yaml_cpp_vendor/lib/cmake/yaml-cpp'
[1.333s] -- Found ament_lint_auto: 0.8.1 (/home/riccardochiaretti/ros2_eloquent/install/ament_lint_auto/share/ament_lint_auto/cmake)
[1.708s] -- Added test 'copyright' to check for copyright in CMake / C / C++ / Python code
[1.709s] -- Added test 'cppcheck' to perform static code analysis on C / C++ code
[1.710s] -- Configured cppcheck include dirs: 
[1.710s] -- Added test 'cpplint' to check C / C++ code against the Google style
[1.711s] -- Added test 'flake8' to check Python code syntax and style conventions
[1.713s] -- Added test 'lint_cmake' to check CMake code style
[1.714s] -- Added test 'pep257' to check Python code against some of the style conventions in PEP 257
[1.716s] -- Added test 'uncrustify' to check C / C++ code style
[1.717s] -- Added test 'xmllint' to check XML markup files
[1.719s] -- Configuring done
[1.733s] -- Generating done
[1.734s] -- Build files have been written to: /home/riccardochiaretti/alba_v2_hmi/build/hmi_node
[1.775s] [35m[1mScanning dependencies of target hmi_node[0m
[1.816s] [ 66%] [32mBuilding CXX object CMakeFiles/hmi_node.dir/src/EthernetPrimitives.cpp.o[0m
[1.816s] [ 66%] [32mBuilding CXX object CMakeFiles/hmi_node.dir/src/main.cpp.o[0m
[2.666s] [01m[K/home/riccardochiaretti/alba_v2_hmi/src/hmi_node/src/main.cpp:[m[K In function â€˜[01m[Kint main(int, char**)[m[Kâ€™:
[2.666s] [01m[K/home/riccardochiaretti/alba_v2_hmi/src/hmi_node/src/main.cpp:8:25:[m[K [01;35m[Kwarning: [m[Kunused variable â€˜[01m[Kh[m[Kâ€™ [[01;35m[K-Wunused-variable[m[K]
[2.666s]      EthernetPrimitives *[01;35m[Kh[m[K = new EthernetPrimitives();
[2.666s]                          [01;35m[K^[m[K
[2.671s] [01m[K/home/riccardochiaretti/alba_v2_hmi/src/hmi_node/src/EthernetPrimitives.cpp:[m[K In member function â€˜[01m[Kvoid EthernetPrimitives::wait_for_data()[m[Kâ€™:
[2.671s] [01m[K/home/riccardochiaretti/alba_v2_hmi/src/hmi_node/src/EthernetPrimitives.cpp:62:9:[m[K [01;35m[Kwarning: [m[Kunused variable â€˜[01m[Kmax_fd[m[Kâ€™ [[01;35m[K-Wunused-variable[m[K]
[2.672s]      int [01;35m[Kmax_fd[m[K;
[2.672s]          [01;35m[K^~~~~~[m[K
[2.672s] [01m[K/home/riccardochiaretti/alba_v2_hmi/src/hmi_node/src/EthernetPrimitives.cpp:[m[K In member function â€˜[01m[Kvoid EthernetPrimitives::publish_pose()[m[Kâ€™:
[2.673s] [01m[K/home/riccardochiaretti/alba_v2_hmi/src/hmi_node/src/EthernetPrimitives.cpp:108:41:[m[K [01;31m[Kerror: [m[Kâ€˜[01m[Kx_0[m[Kâ€™ was not declared in this scope
[2.673s]      double final_x = (m.x/resolution) + [01;31m[Kx_0[m[K;
[2.673s]                                          [01;31m[K^~~[m[K
[2.673s] [01m[K/home/riccardochiaretti/alba_v2_hmi/src/hmi_node/src/EthernetPrimitives.cpp:108:41:[m[K [01;36m[Knote: [m[Ksuggested alternative: â€˜[01m[K._80[m[Kâ€™
[2.673s]      double final_x = (m.x/resolution) + [01;36m[Kx_0[m[K;
[2.674s]                                          [01;36m[K^~~[m[K
[2.674s]                                          [32m[K._80[m[K
[2.674s] [01m[K/home/riccardochiaretti/alba_v2_hmi/src/hmi_node/src/EthernetPrimitives.cpp:109:47:[m[K [01;31m[Kerror: [m[Kâ€˜[01m[Ky_0[m[Kâ€™ was not declared in this scope
[2.674s]      double final_y = ((704-m.y)/resolution) + [01;31m[Ky_0[m[K;
[2.674s]                                                [01;31m[K^~~[m[K
[2.674s] [01m[K/home/riccardochiaretti/alba_v2_hmi/src/hmi_node/src/EthernetPrimitives.cpp:109:47:[m[K [01;36m[Knote: [m[Ksuggested alternative: â€˜[01m[K._80[m[Kâ€™
[2.674s]      double final_y = ((704-m.y)/resolution) + [01;36m[Ky_0[m[K;
[2.674s]                                                [01;36m[K^~~[m[K
[2.674s]                                                [32m[K._80[m[K
[3.172s] CMakeFiles/hmi_node.dir/build.make:86: recipe for target 'CMakeFiles/hmi_node.dir/src/EthernetPrimitives.cpp.o' failed
[3.172s] make[2]: *** [CMakeFiles/hmi_node.dir/src/EthernetPrimitives.cpp.o] Error 1
[3.172s] CMakeFiles/Makefile2:131: recipe for target 'CMakeFiles/hmi_node.dir/all' failed
[3.172s] make[1]: *** [CMakeFiles/hmi_node.dir/all] Error 2
[3.172s] make: *** [all] Error 2
[3.172s] Makefile:140: recipe for target 'all' failed
